# JRE version: OpenJDK Runtime Environment (11.0.20.1+1) (build 11.0.20.1+1-post-Ubuntu-0ubuntu120.04)
# Java VM: OpenJDK 64-Bit Server VM (11.0.20.1+1-post-Ubuntu-0ubuntu120.04, mixed mode, sharing, tiered, compressed oops, g1 gc, linux-amd64)
Heap:
 garbage-first heap   total 316416K, used 87070K [0x00000000e0000000, 0x0000000100000000)
  region size 1024K, 36 young (36864K), 2 survivors (2048K)
 Metaspace       used 64097K, capacity 66604K, committed 66808K, reserved 311296K
  class space    used 8512K, capacity 9421K, committed 9548K, reserved 253952K
GC Heap History (20 events):
Event: 12.332 GC heap before
{Heap before GC invocations=9 (full 0):
 garbage-first heap   total 316416K, used 203383K [0x00000000e0000000, 0x0000000100000000)
  region size 1024K, 185 young (189440K), 15 survivors (15360K)
 Metaspace       used 50826K, capacity 52470K, committed 52736K, reserved 299008K
  class space    used 6946K, capacity 7580K, committed 7680K, reserved 253952K
}
Event: 12.707 GC heap after
{Heap after GC invocations=10 (full 0):
 garbage-first heap   total 316416K, used 38969K [0x00000000e0000000, 0x0000000100000000)
  region size 1024K, 22 young (22528K), 22 survivors (22528K)
 Metaspace       used 50826K, capacity 52470K, committed 52736K, reserved 299008K
  class space    used 6946K, capacity 7580K, committed 7680K, reserved 253952K
}
Event: 106.094 GC heap before
{Heap before GC invocations=10 (full 0):
 garbage-first heap   total 316416K, used 126009K [0x00000000e0000000, 0x0000000100000000)
  region size 1024K, 107 young (109568K), 22 survivors (22528K)
 Metaspace       used 55305K, capacity 57198K, committed 57344K, reserved 303104K
  class space    used 7490K, capacity 8191K, committed 8192K, reserved 253952K
}
Event: 106.451 GC heap after
{Heap after GC invocations=11 (full 0):
 garbage-first heap   total 316416K, used 41502K [0x00000000e0000000, 0x0000000100000000)
  region size 1024K, 5 young (5120K), 5 survivors (5120K)
 Metaspace       used 55305K, capacity 57198K, committed 57344K, reserved 303104K
  class space    used 7490K, capacity 8191K, committed 8192K, reserved 253952K
}
Event: 580.399 GC heap before
{Heap before GC invocations=11 (full 0):
 garbage-first heap   total 316416K, used 94750K [0x00000000e0000000, 0x0000000100000000)
  region size 1024K, 59 young (60416K), 5 survivors (5120K)
 Metaspace       used 57803K, capacity 59820K, committed 59948K, reserved 307200K
  class space    used 7778K, capacity 8540K, committed 8576K, reserved 253952K
}
Event: 580.692 GC heap after
{Heap after GC invocations=12 (full 0):
 garbage-first heap   total 316416K, used 45086K [0x00000000e0000000, 0x0000000100000000)
  region size 1024K, 8 young (8192K), 8 survivors (8192K)
 Metaspace       used 57803K, capacity 59820K, committed 59948K, reserved 307200K
  class space    used 7778K, capacity 8540K, committed 8576K, reserved 253952K
}
Event: 582.272 GC heap before
{Heap before GC invocations=13 (full 0):
 garbage-first heap   total 316416K, used 74782K [0x00000000e0000000, 0x0000000100000000)
  region size 1024K, 37 young (37888K), 8 survivors (8192K)
 Metaspace       used 57944K, capacity 59882K, committed 60664K, reserved 307200K
  class space    used 7748K, capacity 8513K, committed 8780K, reserved 253952K
}
Event: 582.329 GC heap after
{Heap after GC invocations=14 (full 0):
 garbage-first heap   total 316416K, used 47420K [0x00000000e0000000, 0x0000000100000000)
  region size 1024K, 3 young (3072K), 3 survivors (3072K)
 Metaspace       used 57944K, capacity 59882K, committed 60664K, reserved 307200K
  class space    used 7748K, capacity 8513K, committed 8780K, reserved 253952K
}
Event: 583.794 GC heap before
{Heap before GC invocations=15 (full 0):
 garbage-first heap   total 316416K, used 106812K [0x00000000e0000000, 0x0000000100000000)
  region size 1024K, 62 young (63488K), 3 survivors (3072K)
 Metaspace       used 58665K, capacity 60632K, committed 61176K, reserved 307200K
  class space    used 7783K, capacity 8541K, committed 8780K, reserved 253952K
}
Event: 583.836 GC heap after
{Heap after GC invocations=16 (full 0):
 garbage-first heap   total 316416K, used 47126K [0x00000000e0000000, 0x0000000100000000)
  region size 1024K, 3 young (3072K), 3 survivors (3072K)
 Metaspace       used 58665K, capacity 60632K, committed 61176K, reserved 307200K
  class space    used 7783K, capacity 8541K, committed 8780K, reserved 253952K
}
Event: 611.782 GC heap before
{Heap before GC invocations=16 (full 0):
 garbage-first heap   total 316416K, used 121878K [0x00000000e0000000, 0x0000000100000000)
  region size 1024K, 76 young (77824K), 3 survivors (3072K)
 Metaspace       used 62643K, capacity 64857K, committed 65016K, reserved 311296K
  class space    used 8366K, capacity 9197K, committed 9292K, reserved 253952K
}
Event: 612.068 GC heap after
{Heap after GC invocations=17 (full 0):
 garbage-first heap   total 316416K, used 50458K [0x00000000e0000000, 0x0000000100000000)
  region size 1024K, 6 young (6144K), 6 survivors (6144K)
 Metaspace       used 62643K, capacity 64857K, committed 65016K, reserved 311296K
  class space    used 8366K, capacity 9197K, committed 9292K, reserved 253952K
}
Event: 676.845 GC heap before
{Heap before GC invocations=17 (full 0):
 garbage-first heap   total 316416K, used 88346K [0x00000000e0000000, 0x0000000100000000)
  region size 1024K, 43 young (44032K), 6 survivors (6144K)
 Metaspace       used 63027K, capacity 65496K, committed 65528K, reserved 311296K
  class space    used 8418K, capacity 9285K, committed 9292K, reserved 253952K
}
Event: 676.985 GC heap after
{Heap after GC invocations=18 (full 0):
 garbage-first heap   total 316416K, used 54223K [0x00000000e0000000, 0x0000000100000000)
  region size 1024K, 4 young (4096K), 4 survivors (4096K)
 Metaspace       used 63027K, capacity 65496K, committed 65528K, reserved 311296K
  class space    used 8418K, capacity 9285K, committed 9292K, reserved 253952K
}
Event: 1526.477 GC heap before
{Heap before GC invocations=18 (full 0):
 garbage-first heap   total 316416K, used 94159K [0x00000000e0000000, 0x0000000100000000)
  region size 1024K, 44 young (45056K), 4 survivors (4096K)
 Metaspace       used 63267K, capacity 65646K, committed 65912K, reserved 311296K
  class space    used 8428K, capacity 9295K, committed 9420K, reserved 253952K
}
Event: 1526.572 GC heap after
{Heap after GC invocations=19 (full 0):
 garbage-first heap   total 316416K, used 53577K [0x00000000e0000000, 0x0000000100000000)
  region size 1024K, 1 young (1024K), 1 survivors (1024K)
 Metaspace       used 63267K, capacity 65646K, committed 65912K, reserved 311296K
  class space    used 8428K, capacity 9295K, committed 9420K, reserved 253952K
}
Event: 3756.009 GC heap before
{Heap before GC invocations=19 (full 0):
 garbage-first heap   total 316416K, used 101705K [0x00000000e0000000, 0x0000000100000000)
  region size 1024K, 49 young (50176K), 1 survivors (1024K)
 Metaspace       used 63305K, capacity 65774K, committed 65912K, reserved 311296K
  class space    used 8428K, capacity 9295K, committed 9420K, reserved 253952K
}
Event: 3756.060 GC heap after
{Heap after GC invocations=20 (full 0):
 garbage-first heap   total 316416K, used 53014K [0x00000000e0000000, 0x0000000100000000)
  region size 1024K, 1 young (1024K), 1 survivors (1024K)
 Metaspace       used 63305K, capacity 65774K, committed 65912K, reserved 311296K
  class space    used 8428K, capacity 9295K, committed 9420K, reserved 253952K
}
Event: 5966.785 GC heap before
{Heap before GC invocations=20 (full 0):
 garbage-first heap   total 316416K, used 111382K [0x00000000e0000000, 0x0000000100000000)
  region size 1024K, 59 young (60416K), 1 survivors (1024K)
 Metaspace       used 63533K, capacity 65991K, committed 66168K, reserved 311296K
  class space    used 8462K, capacity 9351K, committed 9420K, reserved 253952K
}
Event: 5966.892 GC heap after
{Heap after GC invocations=21 (full 0):
 garbage-first heap   total 316416K, used 54302K [0x00000000e0000000, 0x0000000100000000)
  region size 1024K, 2 young (2048K), 2 survivors (2048K)
 Metaspace       used 63533K, capacity 65991K, committed 66168K, reserved 311296K
  class space    used 8462K, capacity 9351K, committed 9420K, reserved 253952K
}

